# JRE version: OpenJDK Runtime Environment (8.0_202) (build 1.8.0_202-release-1483-b49-5587405)
# Java VM: OpenJDK 64-Bit Server VM (25.202-b49-5587405 mixed mode linux-amd64 compressed oops)
Heap:
 PSYoungGen      total 437248K, used 398213K [0x00000000e0000000, 0x0000000100000000, 0x0000000100000000)
  eden space 366592K, 91% used [0x00000000e0000000,0x00000000f460d858,0x00000000f6600000)
  from space 70656K, 91% used [0x00000000fbb00000,0x00000000ff9d3ea8,0x0000000100000000)
  to   space 78848K, 0% used [0x00000000f6600000,0x00000000f6600000,0x00000000fb300000)
 ParOldGen       total 277504K, used 32117K [0x00000000a0000000, 0x00000000b0f00000, 0x00000000e0000000)
  object space 277504K, 11% used [0x00000000a0000000,0x00000000a1f5d7f8,0x00000000b0f00000)
 Metaspace       used 128607K, capacity 137166K, committed 137292K, reserved 1169408K
  class space    used 16322K, capacity 17776K, committed 17792K, reserved 1048576K
GC Heap History (10 events):
Event: 7239,719 GC heap before
{Heap before GC invocations=33 (full 5):
 PSYoungGen      total 462336K, used 418057K [0x00000000e0000000, 0x00000000fff00000, 0x0000000100000000)
  eden space 400384K, 100% used [0x00000000e0000000,0x00000000f8700000,0x00000000f8700000)
  from space 61952K, 28% used [0x00000000f8700000,0x00000000f9842720,0x00000000fc380000)
  to   space 60416K, 0% used [0x00000000fc400000,0x00000000fc400000,0x00000000fff00000)
 ParOldGen       total 277504K, used 30869K [0x00000000a0000000, 0x00000000b0f00000, 0x00000000e0000000)
  object space 277504K, 11% used [0x00000000a0000000,0x00000000a1e25500,0x00000000b0f00000)
 Metaspace       used 95926K, capacity 101946K, committed 102092K, reserved 1138688K
  class space    used 12275K, capacity 13248K, committed 13312K, reserved 1048576K
Event: 7239,743 GC heap after
Heap after GC invocations=33 (full 5):
 PSYoungGen      total 458752K, used 15807K [0x00000000e0000000, 0x00000000ffb80000, 0x0000000100000000)
  eden space 401920K, 0% used [0x00000000e0000000,0x00000000e0000000,0x00000000f8880000)
  from space 56832K, 27% used [0x00000000fc400000,0x00000000fd36fde8,0x00000000ffb80000)
  to   space 58880K, 0% used [0x00000000f8880000,0x00000000f8880000,0x00000000fc200000)
 ParOldGen       total 277504K, used 30877K [0x00000000a0000000, 0x00000000b0f00000, 0x00000000e0000000)
  object space 277504K, 11% used [0x00000000a0000000,0x00000000a1e27500,0x00000000b0f00000)
 Metaspace       used 95926K, capacity 101946K, committed 102092K, reserved 1138688K
  class space    used 12275K, capacity 13248K, committed 13312K, reserved 1048576K
}
Event: 7995,627 GC heap before
{Heap before GC invocations=34 (full 5):
 PSYoungGen      total 458752K, used 417727K [0x00000000e0000000, 0x00000000ffb80000, 0x0000000100000000)
  eden space 401920K, 100% used [0x00000000e0000000,0x00000000f8880000,0x00000000f8880000)
  from space 56832K, 27% used [0x00000000fc400000,0x00000000fd36fde8,0x00000000ffb80000)
  to   space 58880K, 0% used [0x00000000f8880000,0x00000000f8880000,0x00000000fc200000)
 ParOldGen       total 277504K, used 30877K [0x00000000a0000000, 0x00000000b0f00000, 0x00000000e0000000)
  object space 277504K, 11% used [0x00000000a0000000,0x00000000a1e27500,0x00000000b0f00000)
 Metaspace       used 108050K, capacity 115028K, committed 115148K, reserved 1148928K
  class space    used 13699K, capacity 14824K, committed 14848K, reserved 1048576K
Event: 7995,656 GC heap after
Heap after GC invocations=34 (full 5):
 PSYoungGen      total 460800K, used 27937K [0x00000000e0000000, 0x00000000ffd00000, 0x0000000100000000)
  eden space 401920K, 0% used [0x00000000e0000000,0x00000000e0000000,0x00000000f8880000)
  from space 58880K, 47% used [0x00000000f8880000,0x00000000fa3c8550,0x00000000fc200000)
  to   space 56320K, 0% used [0x00000000fc600000,0x00000000fc600000,0x00000000ffd00000)
 ParOldGen       total 277504K, used 30885K [0x00000000a0000000, 0x00000000b0f00000, 0x00000000e0000000)
  object space 277504K, 11% used [0x00000000a0000000,0x00000000a1e29500,0x00000000b0f00000)
 Metaspace       used 108050K, capacity 115028K, committed 115148K, reserved 1148928K
  class space    used 13699K, capacity 14824K, committed 14848K, reserved 1048576K
}
Event: 8008,061 GC heap before
{Heap before GC invocations=35 (full 5):
 PSYoungGen      total 460800K, used 429857K [0x00000000e0000000, 0x00000000ffd00000, 0x0000000100000000)
  eden space 401920K, 100% used [0x00000000e0000000,0x00000000f8880000,0x00000000f8880000)
  from space 58880K, 47% used [0x00000000f8880000,0x00000000fa3c8550,0x00000000fc200000)
  to   space 56320K, 0% used [0x00000000fc600000,0x00000000fc600000,0x00000000ffd00000)
 ParOldGen       total 277504K, used 30885K [0x00000000a0000000, 0x00000000b0f00000, 0x00000000e0000000)
  object space 277504K, 11% used [0x00000000a0000000,0x00000000a1e29500,0x00000000b0f00000)
 Metaspace       used 119891K, capacity 127622K, committed 127692K, reserved 1161216K
  class space    used 15345K, capacity 16619K, committed 16640K, reserved 1048576K
Event: 8008,130 GC heap after
Heap after GC invocations=35 (full 5):
 PSYoungGen      total 450560K, used 56318K [0x00000000e0000000, 0x0000000100000000, 0x0000000100000000)
  eden space 394240K, 0% used [0x00000000e0000000,0x00000000e0000000,0x00000000f8100000)
  from space 56320K, 99% used [0x00000000fc600000,0x00000000ffcff9c8,0x00000000ffd00000)
  to   space 65024K, 0% used [0x00000000f8100000,0x00000000f8100000,0x00000000fc080000)
 ParOldGen       total 277504K, used 32101K [0x00000000a0000000, 0x00000000b0f00000, 0x00000000e0000000)
  object space 277504K, 11% used [0x00000000a0000000,0x00000000a1f597f8,0x00000000b0f00000)
 Metaspace       used 119891K, capacity 127622K, committed 127692K, reserved 1161216K
  class space    used 15345K, capacity 16619K, committed 16640K, reserved 1048576K
}
Event: 8009,289 GC heap before
{Heap before GC invocations=36 (full 5):
 PSYoungGen      total 450560K, used 450558K [0x00000000e0000000, 0x0000000100000000, 0x0000000100000000)
  eden space 394240K, 100% used [0x00000000e0000000,0x00000000f8100000,0x00000000f8100000)
  from space 56320K, 99% used [0x00000000fc600000,0x00000000ffcff9c8,0x00000000ffd00000)
  to   space 65024K, 0% used [0x00000000f8100000,0x00000000f8100000,0x00000000fc080000)
 ParOldGen       total 277504K, used 32101K [0x00000000a0000000, 0x00000000b0f00000, 0x00000000e0000000)
  object space 277504K, 11% used [0x00000000a0000000,0x00000000a1f597f8,0x00000000b0f00000)
 Metaspace       used 120455K, capacity 128212K, committed 128588K, reserved 1161216K
  class space    used 15394K, capacity 16658K, committed 16768K, reserved 1048576K
Event: 8009,355 GC heap after
Heap after GC invocations=36 (full 5):
 PSYoungGen      total 448512K, used 54154K [0x00000000e0000000, 0x0000000100000000, 0x0000000100000000)
  eden space 394240K, 0% used [0x00000000e0000000,0x00000000e0000000,0x00000000f8100000)
  from space 54272K, 99% used [0x00000000f8100000,0x00000000fb5e2860,0x00000000fb600000)
  to   space 70656K, 0% used [0x00000000fbb00000,0x00000000fbb00000,0x0000000100000000)
 ParOldGen       total 277504K, used 32109K [0x00000000a0000000, 0x00000000b0f00000, 0x00000000e0000000)
  object space 277504K, 11% used [0x00000000a0000000,0x00000000a1f5b7f8,0x00000000b0f00000)
 Metaspace       used 120455K, capacity 128212K, committed 128588K, reserved 1161216K
  class space    used 15394K, capacity 16658K, committed 16768K, reserved 1048576K
}
Event: 8014,742 GC heap before
{Heap before GC invocations=37 (full 5):
 PSYoungGen      total 448512K, used 448394K [0x00000000e0000000, 0x0000000100000000, 0x0000000100000000)
  eden space 394240K, 100% used [0x00000000e0000000,0x00000000f8100000,0x00000000f8100000)
  from space 54272K, 99% used [0x00000000f8100000,0x00000000fb5e2860,0x00000000fb600000)
  to   space 70656K, 0% used [0x00000000fbb00000,0x00000000fbb00000,0x0000000100000000)
 ParOldGen       total 277504K, used 32109K [0x00000000a0000000, 0x00000000b0f00000, 0x00000000e0000000)
  object space 277504K, 11% used [0x00000000a0000000,0x00000000a1f5b7f8,0x00000000b0f00000)
 Metaspace       used 124300K, capacity 132490K, committed 132812K, reserved 1165312K
  class space    used 15927K, capacity 17339K, committed 17408K, reserved 1048576K
Event: 8014,803 GC heap after
Heap after GC invocations=37 (full 5):
 PSYoungGen      total 437248K, used 64335K [0x00000000e0000000, 0x0000000100000000, 0x0000000100000000)
  eden space 366592K, 0% used [0x00000000e0000000,0x00000000e0000000,0x00000000f6600000)
  from space 70656K, 91% used [0x00000000fbb00000,0x00000000ff9d3ea8,0x0000000100000000)
  to   space 78848K, 0% used [0x00000000f6600000,0x00000000f6600000,0x00000000fb300000)
 ParOldGen       total 277504K, used 32117K [0x00000000a0000000, 0x00000000b0f00000, 0x00000000e0000000)
  object space 277504K, 11% used [0x00000000a0000000,0x00000000a1f5d7f8,0x00000000b0f00000)
 Metaspace       used 124300K, capacity 132490K, committed 132812K, reserved 1165312K
  class space    used 15927K, capacity 17339K, committed 17408K, reserved 1048576K
}

